  rps.c
  rpsFile.c
d:\방과후\겨울방학 c언어\rockpaperscissors_2\rockpaperscissors_2\rpsfile.c(14): warning C4013: 'AvailContinue'이(가) 정의되지 않았습니다. extern은 int형을 반환하는 것으로 간주합니다.
  rpsMain.c
  rpsMoney.c
d:\방과후\겨울방학 c언어\rockpaperscissors_2\rockpaperscissors_2\rpsmoney.c(9): warning C4047: '함수': 'FILE *'의 간접 참조 수준이 'int'과(와) 다릅니다.
d:\방과후\겨울방학 c언어\rockpaperscissors_2\rockpaperscissors_2\rpsmoney.c(9): warning C4024: 'fwrite': 형식 및 실제 매개 변수 4의 형식이 서로 다릅니다.
d:\방과후\겨울방학 c언어\rockpaperscissors_2\rockpaperscissors_2\rpsmoney.c(10): warning C4047: '함수': 'FILE *'의 간접 참조 수준이 'int'과(와) 다릅니다.
d:\방과후\겨울방학 c언어\rockpaperscissors_2\rockpaperscissors_2\rpsmoney.c(10): warning C4024: 'fwrite': 형식 및 실제 매개 변수 4의 형식이 서로 다릅니다.
d:\방과후\겨울방학 c언어\rockpaperscissors_2\rockpaperscissors_2\rpsmoney.c(13): warning C4047: '함수': 'FILE *'의 간접 참조 수준이 'int'과(와) 다릅니다.
d:\방과후\겨울방학 c언어\rockpaperscissors_2\rockpaperscissors_2\rpsmoney.c(13): warning C4024: 'fread': 형식 및 실제 매개 변수 4의 형식이 서로 다릅니다.
d:\방과후\겨울방학 c언어\rockpaperscissors_2\rockpaperscissors_2\rpsmoney.c(14): warning C4047: '함수': 'FILE *'의 간접 참조 수준이 'int'과(와) 다릅니다.
d:\방과후\겨울방학 c언어\rockpaperscissors_2\rockpaperscissors_2\rpsmoney.c(14): warning C4024: 'fread': 형식 및 실제 매개 변수 4의 형식이 서로 다릅니다.
  rpstimes.c
d:\방과후\겨울방학 c언어\rockpaperscissors_2\rockpaperscissors_2\rpstimes.c(8): warning C4047: '함수': 'FILE *'의 간접 참조 수준이 'int'과(와) 다릅니다.
d:\방과후\겨울방학 c언어\rockpaperscissors_2\rockpaperscissors_2\rpstimes.c(8): warning C4024: 'fwrite': 형식 및 실제 매개 변수 4의 형식이 서로 다릅니다.
d:\방과후\겨울방학 c언어\rockpaperscissors_2\rockpaperscissors_2\rpstimes.c(9): warning C4047: '함수': 'FILE *'의 간접 참조 수준이 'int'과(와) 다릅니다.
d:\방과후\겨울방학 c언어\rockpaperscissors_2\rockpaperscissors_2\rpstimes.c(9): warning C4024: 'fwrite': 형식 및 실제 매개 변수 4의 형식이 서로 다릅니다.
d:\방과후\겨울방학 c언어\rockpaperscissors_2\rockpaperscissors_2\rpstimes.c(12): warning C4047: '함수': 'FILE *'의 간접 참조 수준이 'int'과(와) 다릅니다.
d:\방과후\겨울방학 c언어\rockpaperscissors_2\rockpaperscissors_2\rpstimes.c(12): warning C4024: 'fread': 형식 및 실제 매개 변수 4의 형식이 서로 다릅니다.
d:\방과후\겨울방학 c언어\rockpaperscissors_2\rockpaperscissors_2\rpstimes.c(13): warning C4047: '함수': 'FILE *'의 간접 참조 수준이 'int'과(와) 다릅니다.
d:\방과후\겨울방학 c언어\rockpaperscissors_2\rockpaperscissors_2\rpstimes.c(13): warning C4024: 'fread': 형식 및 실제 매개 변수 4의 형식이 서로 다릅니다.
d:\방과후\겨울방학 c언어\rockpaperscissors_2\rockpaperscissors_2\rpstimes.c(32): warning C4244: 'return': 'double'에서 'int'(으)로 변환하면서 데이터가 손실될 수 있습니다.
  코드를 생성하고 있습니다...
  RockPaperScissors_2.vcxproj -> D:\방과후\겨울방학 C언어\RockPaperScissors_2\Debug\RockPaperScissors_2.exe
